230402 02:12:39 mysqld_safe Starting mysqld daemon with databases from /var/lib/mysql
2023-04-02  2:12:39 140254809717544 [Note] /usr/bin/mysqld (mysqld 10.1.32-MariaDB) starting as process 134 ...
2023-04-02  2:12:39 140254809717544 [Warning] Setting lower_case_table_names=2 because file system for /var/lib/mysql/ is case insensitive
2023-04-02  2:12:39 140254809717544 [Note] InnoDB: innodb_empty_free_list_algorithm has been changed to legacy because of small buffer pool size. In order to use backoff, increase buffer pool at least up to 20MB.

2023-04-02  2:12:39 140254809717544 [Note] InnoDB: Using mutexes to ref count buffer pool pages
2023-04-02  2:12:39 140254809717544 [Note] InnoDB: The InnoDB memory heap is disabled
2023-04-02  2:12:39 140254809717544 [Note] InnoDB: Mutexes and rw_locks use GCC atomic builtins
2023-04-02  2:12:39 140254809717544 [Note] InnoDB: GCC builtin __atomic_thread_fence() is used for memory barrier
2023-04-02  2:12:39 140254809717544 [Note] InnoDB: Compressed tables use zlib 1.2.11
2023-04-02  2:12:39 140254809717544 [Note] InnoDB: Using Linux native AIO
2023-04-02  2:12:39 140254809717544 [Note] InnoDB: Using SSE crc32 instructions
2023-04-02  2:12:39 140254809717544 [Note] InnoDB: Initializing buffer pool, size = 128.0M
2023-04-02  2:12:39 140254809717544 [Note] InnoDB: Completed initialization of buffer pool
2023-04-02  2:12:39 140254809717544 [Note] InnoDB: The first specified data file ./ibdata1 did not exist: a new database to be created!
2023-04-02  2:12:39 140254809717544 [Note] InnoDB: Setting file ./ibdata1 size to 12 MB
2023-04-02  2:12:39 140254809717544 [Note] InnoDB: Setting log file ./ib_logfile101 size to 48 MB
2023-04-02  2:12:40 140254809717544 [Note] InnoDB: Setting log file ./ib_logfile1 size to 48 MB
2023-04-02  2:12:40 140254809717544 [Note] InnoDB: Renaming log file ./ib_logfile101 to ./ib_logfile0
2023-04-02  2:12:40 140254809717544 [Warning] InnoDB: New log files created, LSN=45781
2023-04-02  2:12:40 140254809717544 [Note] InnoDB: Doublewrite buffer not found: creating new
2023-04-02  2:12:40 140254809717544 [Note] InnoDB: Doublewrite buffer created
2023-04-02  2:12:40 140254809717544 [Note] InnoDB: 128 rollback segment(s) are active.
2023-04-02  2:12:40 140254809717544 [Warning] InnoDB: Creating foreign key constraint system tables.
2023-04-02  2:12:40 140254809717544 [Note] InnoDB: Foreign key constraint system tables created
2023-04-02  2:12:40 140254809717544 [Note] InnoDB: Creating tablespace and datafile system tables.
2023-04-02  2:12:40 140254809717544 [Note] InnoDB: Tablespace and datafile system tables created.
2023-04-02  2:12:40 140254809717544 [Note] InnoDB: Waiting for purge to start
2023-04-02  2:12:40 140254809717544 [Note] InnoDB:  Percona XtraDB (http://www.percona.com) 5.6.38-83.0 started; log sequence number 0
2023-04-02  2:12:40 140254583323312 [Note] InnoDB: Dumping buffer pool(s) not yet started
2023-04-02  2:12:40 140254809717544 [Note] Plugin 'FEEDBACK' is disabled.
2023-04-02  2:12:40 140254809717544 [ERROR] Could not open mysql.plugin table. Some plugins may be not loaded
2023-04-02  2:12:40 140254446287536 [Warning] Failed to load slave replication state from table mysql.gtid_slave_pos: 1146: Table 'mysql.gtid_slave_pos' doesn't exist
2023-04-02  2:12:40 140254809717544 [ERROR] Can't open and lock privilege tables: Table 'mysql.servers' doesn't exist
2023-04-02  2:12:40 140254809717544 [Note] Server socket created on IP: '::'.
2023-04-02  2:12:40 140254809717544 [ERROR] Fatal error: Can't open and lock privilege tables: Table 'mysql.user' doesn't exist
230402 02:12:40 mysqld_safe mysqld from pid file /var/lib/mysql/246f1d63621e.pid ended
230402 02:21:43 mysqld_safe Starting mysqld daemon with databases from /var/lib/mysql
2023-04-02  2:21:43 139913804172072 [Note] /usr/bin/mysqld (mysqld 10.1.32-MariaDB) starting as process 131 ...
2023-04-02  2:21:43 139913804172072 [Warning] Setting lower_case_table_names=2 because file system for /var/lib/mysql/ is case insensitive
2023-04-02  2:21:43 139913804172072 [Note] InnoDB: innodb_empty_free_list_algorithm has been changed to legacy because of small buffer pool size. In order to use backoff, increase buffer pool at least up to 20MB.

2023-04-02  2:21:43 139913804172072 [Note] InnoDB: Using mutexes to ref count buffer pool pages
2023-04-02  2:21:43 139913804172072 [Note] InnoDB: The InnoDB memory heap is disabled
2023-04-02  2:21:43 139913804172072 [Note] InnoDB: Mutexes and rw_locks use GCC atomic builtins
2023-04-02  2:21:43 139913804172072 [Note] InnoDB: GCC builtin __atomic_thread_fence() is used for memory barrier
2023-04-02  2:21:43 139913804172072 [Note] InnoDB: Compressed tables use zlib 1.2.11
2023-04-02  2:21:43 139913804172072 [Note] InnoDB: Using Linux native AIO
2023-04-02  2:21:43 139913804172072 [Note] InnoDB: Using SSE crc32 instructions
2023-04-02  2:21:43 139913804172072 [Note] InnoDB: Initializing buffer pool, size = 128.0M
2023-04-02  2:21:43 139913804172072 [Note] InnoDB: Completed initialization of buffer pool
2023-04-02  2:21:43 139913804172072 [Note] InnoDB: Highest supported file format is Barracuda.
2023-04-02  2:21:43 139913804172072 [Note] InnoDB: The log sequence number 0 in ibdata file do not match the log sequence number 1600607 in the ib_logfiles!
2023-04-02  2:21:43 139913804172072 [Note] InnoDB: Restoring possible half-written data pages from the doublewrite buffer...
2023-04-02  2:21:43 139913804172072 [Note] InnoDB: 128 rollback segment(s) are active.
2023-04-02  2:21:43 139913804172072 [Note] InnoDB: Waiting for purge to start
2023-04-02  2:21:43 139913804172072 [Note] InnoDB:  Percona XtraDB (http://www.percona.com) 5.6.38-83.0 started; log sequence number 1600607
2023-04-02  2:21:43 139913584863920 [Note] InnoDB: Dumping buffer pool(s) not yet started
2023-04-02  2:21:43 139913804172072 [Note] Plugin 'FEEDBACK' is disabled.
2023-04-02  2:21:43 139913804172072 [ERROR] Could not open mysql.plugin table. Some plugins may be not loaded
2023-04-02  2:21:43 139913804172072 [Note] Recovering after a crash using mysql-bin
2023-04-02  2:21:43 139913804172072 [Note] Starting crash recovery...
2023-04-02  2:21:43 139913804172072 [Note] Crash recovery finished.
2023-04-02  2:21:43 139913582049968 [Warning] Failed to load slave replication state from table mysql.gtid_slave_pos: 1146: Table 'mysql.gtid_slave_pos' doesn't exist
2023-04-02  2:21:43 139913804172072 [ERROR] Can't open and lock privilege tables: Table 'mysql.servers' doesn't exist
2023-04-02  2:21:43 139913804172072 [Note] Server socket created on IP: '::'.
2023-04-02  2:21:43 139913804172072 [ERROR] Fatal error: Can't open and lock privilege tables: Table 'mysql.user' doesn't exist
230402 02:21:43 mysqld_safe mysqld from pid file /var/lib/mysql/246f1d63621e.pid ended
